0 info it worked if it ends with ok
1 verbose cli [ '/Users/hywanliyuan/.nvm/versions/node/v5.7.1/bin/node',
1 verbose cli   '/Users/hywanliyuan/.nvm/versions/node/v5.7.1/bin/npm',
1 verbose cli   'install',
1 verbose cli   'bootstrapValidator' ]
2 info using npm@3.6.0
3 info using node@v5.7.1
4 silly loadCurrentTree Starting
5 silly install loadCurrentTree
6 silly install readLocalPackageData
7 silly fetchPackageMetaData bootstrapValidator
8 silly fetchNamedPackageData bootstrapValidator
9 silly mapToRegistry name bootstrapValidator
10 silly mapToRegistry using default registry
11 silly mapToRegistry registry https://registry.npm.taobao.org/
12 silly mapToRegistry uri https://registry.npm.taobao.org/bootstrapValidator
13 verbose request uri https://registry.npm.taobao.org/bootstrapValidator
14 verbose request no auth needed
15 info attempt registry request try #1 at 21:37:00
16 verbose request id baeb167ed2892137
17 http request GET https://registry.npm.taobao.org/bootstrapValidator
18 http 404 https://registry.npm.taobao.org/bootstrapValidator
19 verbose headers { 'content-type': 'application/json',
19 verbose headers   'cache-control': 'max-age=0',
19 verbose headers   'content-length': '2',
19 verbose headers   'accept-ranges': 'bytes',
19 verbose headers   date: 'Fri, 02 Dec 2016 13:37:02 GMT',
19 verbose headers   via: '1.1 varnish',
19 verbose headers   age: '0',
19 verbose headers   connection: 'keep-alive',
19 verbose headers   'x-served-by': 'cache-itm7421-ITM',
19 verbose headers   'x-cache': 'MISS',
19 verbose headers   'x-cache-hits': '0',
19 verbose headers   'x-timer': 'S1480685821.460506,VS0,VE1252',
19 verbose headers   vary: 'Accept-Encoding' }
20 silly get cb [ 404,
20 silly get   { 'content-type': 'application/json',
20 silly get     'cache-control': 'max-age=0',
20 silly get     'content-length': '2',
20 silly get     'accept-ranges': 'bytes',
20 silly get     date: 'Fri, 02 Dec 2016 13:37:02 GMT',
20 silly get     via: '1.1 varnish',
20 silly get     age: '0',
20 silly get     connection: 'keep-alive',
20 silly get     'x-served-by': 'cache-itm7421-ITM',
20 silly get     'x-cache': 'MISS',
20 silly get     'x-cache-hits': '0',
20 silly get     'x-timer': 'S1480685821.460506,VS0,VE1252',
20 silly get     vary: 'Accept-Encoding' } ]
21 silly fetchPackageMetaData Error: Registry returned 404 for GET on https://registry.npm.taobao.org/bootstrapValidator
21 silly fetchPackageMetaData     at makeError (/Users/hywanliyuan/.nvm/versions/node/v5.7.1/lib/node_modules/npm/node_modules/npm-registry-client/lib/request.js:264:12)
21 silly fetchPackageMetaData     at CachingRegistryClient.<anonymous> (/Users/hywanliyuan/.nvm/versions/node/v5.7.1/lib/node_modules/npm/node_modules/npm-registry-client/lib/request.js:242:14)
21 silly fetchPackageMetaData     at Request._callback (/Users/hywanliyuan/.nvm/versions/node/v5.7.1/lib/node_modules/npm/node_modules/npm-registry-client/lib/request.js:172:14)
21 silly fetchPackageMetaData     at Request.self.callback (/Users/hywanliyuan/.nvm/versions/node/v5.7.1/lib/node_modules/npm/node_modules/request/request.js:198:22)
21 silly fetchPackageMetaData     at emitTwo (events.js:100:13)
21 silly fetchPackageMetaData     at Request.emit (events.js:185:7)
21 silly fetchPackageMetaData     at Request.<anonymous> (/Users/hywanliyuan/.nvm/versions/node/v5.7.1/lib/node_modules/npm/node_modules/request/request.js:1035:10)
21 silly fetchPackageMetaData     at emitOne (events.js:95:20)
21 silly fetchPackageMetaData     at Request.emit (events.js:182:7)
21 silly fetchPackageMetaData     at IncomingMessage.<anonymous> (/Users/hywanliyuan/.nvm/versions/node/v5.7.1/lib/node_modules/npm/node_modules/request/request.js:962:12)
21 silly fetchPackageMetaData  error for bootstrapValidator { [Error: Registry returned 404 for GET on https://registry.npm.taobao.org/bootstrapValidator] pkgid: 'bootstrapValidator', statusCode: 404, code: 'E404' }
22 silly rollbackFailedOptional Starting
23 silly rollbackFailedOptional Finishing
24 silly runTopLevelLifecycles Starting
25 silly runTopLevelLifecycles Finishing
26 silly install printInstalled
27 verbose stack Error: Registry returned 404 for GET on https://registry.npm.taobao.org/bootstrapValidator
27 verbose stack     at makeError (/Users/hywanliyuan/.nvm/versions/node/v5.7.1/lib/node_modules/npm/node_modules/npm-registry-client/lib/request.js:264:12)
27 verbose stack     at CachingRegistryClient.<anonymous> (/Users/hywanliyuan/.nvm/versions/node/v5.7.1/lib/node_modules/npm/node_modules/npm-registry-client/lib/request.js:242:14)
27 verbose stack     at Request._callback (/Users/hywanliyuan/.nvm/versions/node/v5.7.1/lib/node_modules/npm/node_modules/npm-registry-client/lib/request.js:172:14)
27 verbose stack     at Request.self.callback (/Users/hywanliyuan/.nvm/versions/node/v5.7.1/lib/node_modules/npm/node_modules/request/request.js:198:22)
27 verbose stack     at emitTwo (events.js:100:13)
27 verbose stack     at Request.emit (events.js:185:7)
27 verbose stack     at Request.<anonymous> (/Users/hywanliyuan/.nvm/versions/node/v5.7.1/lib/node_modules/npm/node_modules/request/request.js:1035:10)
27 verbose stack     at emitOne (events.js:95:20)
27 verbose stack     at Request.emit (events.js:182:7)
27 verbose stack     at IncomingMessage.<anonymous> (/Users/hywanliyuan/.nvm/versions/node/v5.7.1/lib/node_modules/npm/node_modules/request/request.js:962:12)
28 verbose statusCode 404
29 verbose pkgid bootstrapValidator
30 verbose cwd /Users/hywanliyuan/Documents/coding/sales-pc/project
31 error Darwin 15.2.0
32 error argv "/Users/hywanliyuan/.nvm/versions/node/v5.7.1/bin/node" "/Users/hywanliyuan/.nvm/versions/node/v5.7.1/bin/npm" "install" "bootstrapValidator"
33 error node v5.7.1
34 error npm  v3.6.0
35 error code E404
36 error 404 Registry returned 404 for GET on https://registry.npm.taobao.org/bootstrapValidator
37 error 404
38 error 404 'bootstrapValidator' is not in the npm registry.
39 error 404 Your package name is not valid, because
40 error 404 1. name can no longer contain capital letters
41 error 404 Note that you can also install from a
42 error 404 tarball, folder, http url, or git url.
43 verbose exit [ 1, true ]
